#! /usr/bin/vvp
:ivl_version "12.0 (stable)";
:ivl_delay_selection "TYPICAL";
:vpi_time_precision - 12;
:vpi_module "/usr/lib/x86_64-linux-gnu/ivl/system.vpi";
:vpi_module "/usr/lib/x86_64-linux-gnu/ivl/vhdl_sys.vpi";
:vpi_module "/usr/lib/x86_64-linux-gnu/ivl/vhdl_textio.vpi";
:vpi_module "/usr/lib/x86_64-linux-gnu/ivl/v2005_math.vpi";
:vpi_module "/usr/lib/x86_64-linux-gnu/ivl/va_math.vpi";
S_0x5bb1fd4bf490 .scope module, "descriptions" "descriptions" 2 3;
 .timescale -9 -12;
L_0x5bb1fd50ef30 .functor NOT 1, v0x5bb1fd50e820_0, C4<0>, C4<0>, C4<0>;
L_0x5bb1fd50eff0 .functor AND 1, L_0x5bb1fd50ef30, v0x5bb1fd50eab0_0, C4<1>, C4<1>;
L_0x5bb1fd50f090 .functor NOT 1, v0x5bb1fd50eab0_0, C4<0>, C4<0>, C4<0>;
L_0x5bb1fd50f180 .functor AND 1, v0x5bb1fd50e820_0, L_0x5bb1fd50f090, C4<1>, C4<1>;
L_0x5bb1fd50f2c0 .functor OR 1, L_0x5bb1fd50eff0, L_0x5bb1fd50f180, C4<0>, C4<0>;
L_0x5bb1fd50f3d0 .functor NOT 1, v0x5bb1fd50e820_0, C4<0>, C4<0>, C4<0>;
L_0x5bb1fd50f480 .functor NOT 1, v0x5bb1fd50eab0_0, C4<0>, C4<0>, C4<0>;
L_0x5bb1fd50f4f0 .functor AND 1, L_0x5bb1fd50f3d0, v0x5bb1fd50eab0_0, C4<1>, C4<1>;
L_0x5bb1fd50f600 .functor AND 1, v0x5bb1fd50e820_0, L_0x5bb1fd50f480, C4<1>, C4<1>;
L_0x5bb1fd50f700 .functor OR 1, L_0x5bb1fd50f4f0, L_0x5bb1fd50f600, C4<0>, C4<0>;
v0x5bb1fd4bf620_0 .net *"_ivl_0", 0 0, L_0x5bb1fd50ef30;  1 drivers
v0x5bb1fd50e5a0_0 .net *"_ivl_2", 0 0, L_0x5bb1fd50eff0;  1 drivers
v0x5bb1fd50e680_0 .net *"_ivl_4", 0 0, L_0x5bb1fd50f090;  1 drivers
v0x5bb1fd50e740_0 .net *"_ivl_6", 0 0, L_0x5bb1fd50f180;  1 drivers
v0x5bb1fd50e820_0 .var "a", 0 0;
v0x5bb1fd50e930_0 .net "and1_out", 0 0, L_0x5bb1fd50f4f0;  1 drivers
v0x5bb1fd50e9f0_0 .net "and2_out", 0 0, L_0x5bb1fd50f600;  1 drivers
v0x5bb1fd50eab0_0 .var "b", 0 0;
v0x5bb1fd50eb70_0 .net "f_est", 0 0, L_0x5bb1fd50f700;  1 drivers
v0x5bb1fd50ec30_0 .net "f_func", 0 0, L_0x5bb1fd50f2c0;  1 drivers
v0x5bb1fd50ecf0_0 .var "f_proc", 0 0;
v0x5bb1fd50edb0_0 .net "not_a", 0 0, L_0x5bb1fd50f3d0;  1 drivers
v0x5bb1fd50ee70_0 .net "not_b", 0 0, L_0x5bb1fd50f480;  1 drivers
E_0x5bb1fd4f8650 .event anyedge, v0x5bb1fd50eab0_0, v0x5bb1fd50e820_0;
    .scope S_0x5bb1fd4bf490;
T_0 ;
    %pushi/vec4 0, 0, 1;
    %store/vec4 v0x5bb1fd50e820_0, 0, 1;
    %pushi/vec4 0, 0, 1;
    %store/vec4 v0x5bb1fd50eab0_0, 0, 1;
    %end;
    .thread T_0;
    .scope S_0x5bb1fd4bf490;
T_1 ;
    %wait E_0x5bb1fd4f8650;
    %load/vec4 v0x5bb1fd50e820_0;
    %pad/u 32;
    %cmpi/e 0, 0, 32;
    %jmp/0xz  T_1.0, 4;
    %load/vec4 v0x5bb1fd50eab0_0;
    %store/vec4 v0x5bb1fd50ecf0_0, 0, 1;
    %jmp T_1.1;
T_1.0 ;
    %load/vec4 v0x5bb1fd50eab0_0;
    %inv;
    %store/vec4 v0x5bb1fd50ecf0_0, 0, 1;
T_1.1 ;
    %jmp T_1;
    .thread T_1, $push;
    .scope S_0x5bb1fd4bf490;
T_2 ;
    %delay 10000, 0;
    %load/vec4 v0x5bb1fd50e820_0;
    %inv;
    %store/vec4 v0x5bb1fd50e820_0, 0, 1;
    %jmp T_2;
    .thread T_2;
    .scope S_0x5bb1fd4bf490;
T_3 ;
    %delay 20000, 0;
    %load/vec4 v0x5bb1fd50eab0_0;
    %inv;
    %store/vec4 v0x5bb1fd50eab0_0, 0, 1;
    %jmp T_3;
    .thread T_3;
    .scope S_0x5bb1fd4bf490;
T_4 ;
    %vpi_call 2 74 "$dumpfile", "descriptions.vcd" {0 0 0};
    %vpi_call 2 75 "$dumpvars", 32'sb00000000000000000000000000000000, S_0x5bb1fd4bf490 {0 0 0};
    %vpi_call 2 87 "$timeformat", 32'sb11111111111111111111111111110111, 32'sb00000000000000000000000000000000, "ns", 32'sb00000000000000000000000000000101 {0 0 0};
    %vpi_call 2 90 "$display", "t\011a\011b\011f_func\011f_proc\011f_est" {0 0 0};
    %vpi_call 2 95 "$monitor", "%t\011%b\011%b\011%b\011%b\011%b", $stime, v0x5bb1fd50e820_0, v0x5bb1fd50eab0_0, v0x5bb1fd50ec30_0, v0x5bb1fd50ecf0_0, v0x5bb1fd50eb70_0 {0 0 0};
    %delay 100000, 0;
    %vpi_call 2 98 "$finish" {0 0 0};
    %end;
    .thread T_4;
# The file index is used to find the file name in the following table.
:file_names 3;
    "N/A";
    "<interactive>";
    "descriptions_self.v";
