#! /usr/bin/vvp
:ivl_version "12.0 (stable)";
:ivl_delay_selection "TYPICAL";
:vpi_time_precision - 12;
:vpi_module "/usr/lib/x86_64-linux-gnu/ivl/system.vpi";
:vpi_module "/usr/lib/x86_64-linux-gnu/ivl/vhdl_sys.vpi";
:vpi_module "/usr/lib/x86_64-linux-gnu/ivl/vhdl_textio.vpi";
:vpi_module "/usr/lib/x86_64-linux-gnu/ivl/v2005_math.vpi";
:vpi_module "/usr/lib/x86_64-linux-gnu/ivl/va_math.vpi";
S_0x5f60923d7510 .scope module, "logic_function_self" "logic_function_self" 2 9;
 .timescale -9 -12;
L_0x5f6092421790 .functor NOT 1, v0x5f6092421610_0, C4<0>, C4<0>, C4<0>;
L_0x5f6092421850 .functor AND 1, v0x5f6092421500_0, L_0x5f6092421790, C4<1>, C4<1>;
L_0x5f6092421970 .functor NOT 1, v0x5f6092421500_0, C4<0>, C4<0>, C4<0>;
L_0x5f6092421a30 .functor XOR 1, L_0x5f6092421970, v0x5f6092421610_0, C4<0>, C4<0>;
L_0x5f6092421b70 .functor OR 1, L_0x5f6092421850, L_0x5f6092421a30, C4<0>, C4<0>;
v0x5f60923d76a0_0 .net *"_ivl_0", 0 0, L_0x5f6092421790;  1 drivers
v0x5f6092421280_0 .net *"_ivl_2", 0 0, L_0x5f6092421850;  1 drivers
v0x5f6092421360_0 .net *"_ivl_4", 0 0, L_0x5f6092421970;  1 drivers
v0x5f6092421420_0 .net *"_ivl_6", 0 0, L_0x5f6092421a30;  1 drivers
v0x5f6092421500_0 .var "a", 0 0;
v0x5f6092421610_0 .var "b", 0 0;
v0x5f60924216d0_0 .net "f", 0 0, L_0x5f6092421b70;  1 drivers
    .scope S_0x5f60923d7510;
T_0 ;
    %pushi/vec4 0, 0, 1;
    %store/vec4 v0x5f6092421500_0, 0, 1;
    %pushi/vec4 0, 0, 1;
    %store/vec4 v0x5f6092421610_0, 0, 1;
    %end;
    .thread T_0;
    .scope S_0x5f60923d7510;
T_1 ;
    %delay 10000, 0;
    %load/vec4 v0x5f6092421500_0;
    %inv;
    %store/vec4 v0x5f6092421500_0, 0, 1;
    %jmp T_1;
    .thread T_1;
    .scope S_0x5f60923d7510;
T_2 ;
    %delay 20000, 0;
    %load/vec4 v0x5f6092421610_0;
    %inv;
    %store/vec4 v0x5f6092421610_0, 0, 1;
    %jmp T_2;
    .thread T_2;
    .scope S_0x5f60923d7510;
T_3 ;
    %vpi_call 2 44 "$monitor", "a=%b, b=%b, f=%b", v0x5f6092421500_0, v0x5f6092421610_0, v0x5f60924216d0_0 {0 0 0};
    %vpi_call 2 53 "$dumpfile", "logicfunction_self.vcd" {0 0 0};
    %vpi_call 2 54 "$dumpvars", 32'sb00000000000000000000000000000000, S_0x5f60923d7510 {0 0 0};
    %delay 100000, 0;
    %vpi_call 2 57 "$finish" {0 0 0};
    %end;
    .thread T_3;
# The file index is used to find the file name in the following table.
:file_names 3;
    "N/A";
    "<interactive>";
    "functions_self.v";
